<?xml version="1.0" encoding="UTF-8"?>
<!-- Generated by org.testng.reporters.JUnitReportReporter -->
<testsuite hostname="DESKTOP-K64CGSA" failures="0" tests="1" name="pckg3.API_3" time="3.827" errors="0" timestamp="2025-09-28T19:31:03 IST" skipped="0">
  <testcase classname="pckg3.API_3" name="ResponseCode200" time="3.827"/>
</testsuite> <!-- pckg3.API_3 -->
