<?xml version="1.0" encoding="UTF-8"?>
<!-- Generated by org.testng.reporters.JUnitReportReporter -->
<testsuite hostname="DESKTOP-K64CGSA" failures="0" tests="1" name="Pckg_04_10_2025.GetRespone_1" time="3.090" errors="0" timestamp="2025-10-04T08:20:26 IST" skipped="0">
  <testcase classname="Pckg_04_10_2025.GetRespone_1" name="Get200Code" time="3.090"/>
</testsuite> <!-- Pckg_04_10_2025.GetRespone_1 -->
