<?xml version="1.0" encoding="UTF-8"?>
<!-- Generated by org.testng.reporters.JUnitReportReporter -->
<testsuite hostname="DESKTOP-K64CGSA" failures="0" tests="1" name="pckg_29_09_2025_3.Get_Response_2" time="2.941" errors="0" timestamp="2025-09-29T13:01:48 IST" skipped="0">
  <testcase classname="pckg_29_09_2025_3.Get_Response_2" name="GetResponse" time="2.941"/>
</testsuite> <!-- pckg_29_09_2025_3.Get_Response_2 -->
