<?xml version="1.0" encoding="UTF-8"?>
<!-- Generated by org.testng.reporters.JUnitReportReporter -->
<testsuite hostname="DESKTOP-K64CGSA" failures="0" tests="1" name="pckg_09_10_2025.Response_200" time="0.228" errors="0" timestamp="2025-10-12T07:37:56 IST" skipped="0">
  <testcase classname="pckg_09_10_2025.Response_200" name="Get200Response" time="0.228"/>
</testsuite> <!-- pckg_09_10_2025.Response_200 -->
