<?xml version="1.0" encoding="UTF-8"?>
<!-- Generated by org.testng.reporters.JUnitReportReporter -->
<testsuite hostname="DESKTOP-K64CGSA" failures="0" tests="1" name="Pckg_200.Api_Response_2" time="2.618" errors="0" timestamp="2025-09-30T14:45:04 IST" skipped="0">
  <testcase classname="Pckg_200.Api_Response_2" name="GetApiResponse" time="2.618"/>
</testsuite> <!-- Pckg_200.Api_Response_2 -->
