<?xml version="1.0" encoding="UTF-8"?>
<!-- Generated by org.testng.reporters.JUnitReportReporter -->
<testsuite hostname="DESKTOP-K64CGSA" failures="0" tests="1" name="pckg_09_10_2025.Response_200" time="3.694" errors="0" timestamp="2025-10-09T14:16:03 IST" skipped="0">
  <testcase classname="pckg_09_10_2025.Response_200" name="Get200Response" time="3.694"/>
</testsuite> <!-- pckg_09_10_2025.Response_200 -->
