<?xml version="1.0" encoding="UTF-8"?>
<!-- Generated by org.testng.reporters.JUnitReportReporter -->
<testsuite hostname="DESKTOP-K64CGSA" failures="0" tests="1" name="pckg_Response_10_10_2025.Response_3" time="3.435" errors="0" timestamp="2025-10-10T17:29:16 IST" skipped="0">
  <testcase classname="pckg_Response_10_10_2025.Response_3" name="GetResponse200" time="3.435"/>
</testsuite> <!-- pckg_Response_10_10_2025.Response_3 -->
