<?xml version="1.0" encoding="UTF-8"?>
<!-- Generated by org.testng.reporters.JUnitReportReporter -->
<testsuite hostname="DESKTOP-K64CGSA" failures="0" tests="1" name="pckg_29_09_2025_3.GetResponse_1" time="2.089" errors="0" timestamp="2025-09-29T12:55:23 IST" skipped="0">
  <testcase classname="pckg_29_09_2025_3.GetResponse_1" name="GetResponse" time="2.089"/>
</testsuite> <!-- pckg_29_09_2025_3.GetResponse_1 -->
