<?xml version="1.0" encoding="UTF-8"?>
<!-- Generated by org.testng.reporters.JUnitReportReporter -->
<testsuite hostname="DESKTOP-K64CGSA" failures="0" tests="1" name="Pckg_08_10_2025.Response_2" time="2.980" errors="0" timestamp="2025-10-08T07:51:05 IST" skipped="0">
  <testcase classname="Pckg_08_10_2025.Response_2" name="GetCode200" time="2.980"/>
</testsuite> <!-- Pckg_08_10_2025.Response_2 -->
