<?xml version="1.0" encoding="UTF-8"?>
<!-- Generated by org.testng.reporters.JUnitReportReporter -->
<testsuite hostname="DESKTOP-K64CGSA" failures="0" tests="1" name="pckg_4_200Response.Response_200_1" time="3.456" errors="0" timestamp="2025-10-02T23:33:34 IST" skipped="0">
  <testcase classname="pckg_4_200Response.Response_200_1" name="ResponseCode" time="3.456"/>
</testsuite> <!-- pckg_4_200Response.Response_200_1 -->
