<?xml version="1.0" encoding="UTF-8"?>
<!-- Generated by org.testng.reporters.JUnitReportReporter -->
<testsuite hostname="DESKTOP-K64CGSA" failures="0" tests="1" name="Api_Response_200_Class_1.Class_Api_Response_1" time="2.785" errors="0" timestamp="2025-09-30T15:55:33 IST" skipped="0">
  <testcase classname="Api_Response_200_Class_1.Class_Api_Response_1" name="Get200Response" time="2.785"/>
</testsuite> <!-- Api_Response_200_Class_1.Class_Api_Response_1 -->
