<?xml version="1.0" encoding="UTF-8"?>
<!-- Generated by org.testng.reporters.JUnitReportReporter -->
<testsuite hostname="DESKTOP-K64CGSA" failures="0" tests="1" name="Pckg_01_10_2025_2.Response200_1" time="2.977" errors="0" timestamp="2025-10-01T22:49:04 IST" skipped="0">
  <testcase classname="Pckg_01_10_2025_2.Response200_1" name="Response200" time="2.977"/>
</testsuite> <!-- Pckg_01_10_2025_2.Response200_1 -->
