<?xml version="1.0" encoding="UTF-8"?>
<!-- Generated by org.testng.reporters.JUnitReportReporter -->
<testsuite hostname="DESKTOP-K64CGSA" failures="0" tests="1" name="Pckg_13_10_2025.Response_5" time="1.522" errors="0" timestamp="2025-10-13T09:14:43 IST" skipped="0">
  <testcase classname="Pckg_13_10_2025.Response_5" name="get200" time="1.522"/>
</testsuite> <!-- Pckg_13_10_2025.Response_5 -->
