<?xml version="1.0" encoding="UTF-8"?>
<!-- Generated by org.testng.reporters.JUnitReportReporter -->
<testsuite hostname="DESKTOP-K64CGSA" failures="0" tests="1" name="pckg_29_09_2025.ResponceCode_1" time="2.330" errors="0" timestamp="2025-09-29T07:18:31 IST" skipped="0">
  <testcase classname="pckg_29_09_2025.ResponceCode_1" name="GetResponceCode" time="2.330"/>
</testsuite> <!-- pckg_29_09_2025.ResponceCode_1 -->
