<?xml version="1.0" encoding="UTF-8"?>
<!-- Generated by org.testng.reporters.JUnitReportReporter -->
<testsuite hostname="DESKTOP-K64CGSA" failures="0" tests="1" name="Pckg_08_10_2025.Response_1" time="0.234" errors="0" timestamp="2025-10-12T07:37:56 IST" skipped="0">
  <testcase classname="Pckg_08_10_2025.Response_1" name="Get200Code" time="0.234"/>
</testsuite> <!-- Pckg_08_10_2025.Response_1 -->
