<?xml version="1.0" encoding="UTF-8"?>
<!-- Generated by org.testng.reporters.JUnitReportReporter -->
<testsuite hostname="DESKTOP-K64CGSA" failures="0" tests="1" name="Pckg_05_10_2025.Get_Response_3" time="3.850" errors="0" timestamp="2025-10-05T16:12:58 IST" skipped="0">
  <testcase classname="Pckg_05_10_2025.Get_Response_3" name="GetCode" time="3.850"/>
</testsuite> <!-- Pckg_05_10_2025.Get_Response_3 -->
