<?xml version="1.0" encoding="UTF-8"?>
<!-- Generated by org.testng.reporters.JUnitReportReporter -->
<testsuite hostname="DESKTOP-K64CGSA" failures="0" tests="1" name="Packg_07_10_2025.Response_3" time="2.965" errors="0" timestamp="2025-10-07T18:07:43 IST" skipped="0">
  <testcase classname="Packg_07_10_2025.Response_3" name="Response200" time="2.965"/>
</testsuite> <!-- Packg_07_10_2025.Response_3 -->
