<?xml version="1.0" encoding="UTF-8"?>
<!-- Generated by org.testng.reporters.JUnitReportReporter -->
<testsuite hostname="DESKTOP-K64CGSA" failures="0" tests="1" name="Pckg_Json_30_09_2025.Api_Response_1" time="0.204" errors="0" timestamp="2025-09-30T07:21:10 IST" skipped="0">
  <testcase classname="Pckg_Json_30_09_2025.Api_Response_1" name="ApiResponse200" time="0.204"/>
</testsuite> <!-- Pckg_Json_30_09_2025.Api_Response_1 -->
