<?xml version="1.0" encoding="UTF-8"?>
<!-- Generated by org.testng.reporters.JUnitReportReporter -->
<testsuite hostname="DESKTOP-K64CGSA" failures="0" tests="1" name="Get200" time="2.456" errors="0" timestamp="2025-10-04T16:07:12 IST" skipped="0">
  <testcase classname="Get200" name="Get200Code" time="2.456"/>
</testsuite> <!-- Get200 -->
