<?xml version="1.0" encoding="UTF-8"?>
<!-- Generated by org.testng.reporters.JUnitReportReporter -->
<testsuite hostname="DESKTOP-K64CGSA" failures="0" tests="1" name="Pckg_200.JavaClass_200_Response_1" time="2.595" errors="0" timestamp="2025-09-30T14:17:57 IST" skipped="0">
  <testcase classname="Pckg_200.JavaClass_200_Response_1" name="Get200Code" time="2.595"/>
</testsuite> <!-- Pckg_200.JavaClass_200_Response_1 -->
