<?xml version="1.0" encoding="UTF-8"?>
<!-- Generated by org.testng.reporters.JUnitReportReporter -->
<testsuite hostname="DESKTOP-K64CGSA" failures="0" tests="1" name="Pckg_05_10_2025.GetResponse_4" time="3.692" errors="0" timestamp="2025-10-05T16:46:03 IST" skipped="0">
  <testcase classname="Pckg_05_10_2025.GetResponse_4" name="GetResponse" time="3.692"/>
</testsuite> <!-- Pckg_05_10_2025.GetResponse_4 -->
