<?xml version="1.0" encoding="UTF-8"?>
<!-- Generated by org.testng.reporters.JUnitReportReporter -->
<testsuite hostname="DESKTOP-K64CGSA" failures="0" tests="1" name="Pckg_05_10_2025.GetResponse_2" time="1.872" errors="0" timestamp="2025-10-05T12:35:25 IST" skipped="0">
  <testcase classname="Pckg_05_10_2025.GetResponse_2" name="GetResponse200Code" time="1.872"/>
</testsuite> <!-- Pckg_05_10_2025.GetResponse_2 -->
