<?xml version="1.0" encoding="UTF-8"?>
<!-- Generated by org.testng.reporters.JUnitReportReporter -->
<testsuite hostname="DESKTOP-K64CGSA" failures="0" tests="1" name="API_Package_02_10_2025.Api_Response_200_3" time="1.872" errors="0" timestamp="2025-10-02T07:44:13 IST" skipped="0">
  <testcase classname="API_Package_02_10_2025.Api_Response_200_3" name="ResponseCode200" time="1.872"/>
</testsuite> <!-- API_Package_02_10_2025.Api_Response_200_3 -->
