<?xml version="1.0" encoding="UTF-8"?>
<!-- Generated by org.testng.reporters.JUnitReportReporter -->
<testsuite hostname="DESKTOP-K64CGSA" failures="0" tests="1" name="pckg_4_200Response.Response_Class_3" time="2.939" errors="0" timestamp="2025-10-02T23:55:10 IST" skipped="0">
  <testcase classname="pckg_4_200Response.Response_Class_3" name="Reponse200" time="2.939"/>
</testsuite> <!-- pckg_4_200Response.Response_Class_3 -->
