<?xml version="1.0" encoding="UTF-8"?>
<!-- Generated by org.testng.reporters.JUnitReportReporter -->
<testsuite hostname="DESKTOP-K64CGSA" failures="0" tests="1" name="Pckg_01_10_2025_2.Response_200_2" time="3.046" errors="0" timestamp="2025-10-01T23:14:08 IST" skipped="0">
  <testcase classname="Pckg_01_10_2025_2.Response_200_2" name="Response200" time="3.046"/>
</testsuite> <!-- Pckg_01_10_2025_2.Response_200_2 -->
