<?xml version="1.0" encoding="UTF-8"?>
<!-- Generated by org.testng.reporters.JUnitReportReporter -->
<testsuite hostname="DESKTOP-K64CGSA" failures="0" tests="1" name="Pckg_05_10_2025.Get_Response_3" time="0.240" errors="0" timestamp="2025-10-12T07:37:56 IST" skipped="0">
  <testcase classname="Pckg_05_10_2025.Get_Response_3" name="GetCode" time="0.240"/>
</testsuite> <!-- Pckg_05_10_2025.Get_Response_3 -->
