<?xml version="1.0" encoding="UTF-8"?>
<!-- Generated by org.testng.reporters.JUnitReportReporter -->
<testsuite hostname="DESKTOP-K64CGSA" failures="0" tests="1" name="pckg_29_0_2025_2.GetResonse_1" time="2.679" errors="0" timestamp="2025-09-29T11:55:07 IST" skipped="0">
  <testcase classname="pckg_29_0_2025_2.GetResonse_1" name="Get200ResponseCode" time="2.679"/>
</testsuite> <!-- pckg_29_0_2025_2.GetResonse_1 -->
