<?xml version="1.0" encoding="UTF-8"?>
<!-- Generated by org.testng.reporters.JUnitReportReporter -->
<testsuite hostname="DESKTOP-K64CGSA" failures="0" tests="1" name="pckg_Response_10_10_2025.Response_4" time="3.056" errors="0" timestamp="2025-10-10T22:09:36 IST" skipped="0">
  <testcase classname="pckg_Response_10_10_2025.Response_4" name="Get200" time="3.056"/>
</testsuite> <!-- pckg_Response_10_10_2025.Response_4 -->
