<?xml version="1.0" encoding="UTF-8"?>
<!-- Generated by org.testng.reporters.JUnitReportReporter -->
<testsuite hostname="DESKTOP-K64CGSA" failures="0" tests="1" name="pckg_03_10_2025.Response_2" time="2.899" errors="0" timestamp="2025-10-03T07:19:52 IST" skipped="0">
  <testcase classname="pckg_03_10_2025.Response_2" name="Response200" time="2.899"/>
</testsuite> <!-- pckg_03_10_2025.Response_2 -->
