<?xml version="1.0" encoding="UTF-8"?>
<!-- Generated by org.testng.reporters.JUnitReportReporter -->
<testsuite hostname="DESKTOP-K64CGSA" failures="0" tests="1" name="Packg_07_10_2025.Response_2" time="3.036" errors="0" timestamp="2025-10-07T13:26:10 IST" skipped="0">
  <testcase classname="Packg_07_10_2025.Response_2" name="Get200Code" time="3.036"/>
</testsuite> <!-- Packg_07_10_2025.Response_2 -->
