<?xml version="1.0" encoding="UTF-8"?>
<!-- Generated by org.testng.reporters.JUnitReportReporter -->
<testsuite hostname="DESKTOP-K64CGSA" failures="0" tests="1" name="Response200_12_10_2025.Response200_2" time="0.240" errors="0" timestamp="2025-10-12T07:37:56 IST" skipped="0">
  <testcase classname="Response200_12_10_2025.Response200_2" name="Get200" time="0.240"/>
</testsuite> <!-- Response200_12_10_2025.Response200_2 -->
