<?xml version="1.0" encoding="UTF-8"?>
<!-- Generated by org.testng.reporters.JUnitReportReporter -->
<testsuite hostname="DESKTOP-K64CGSA" failures="0" tests="1" name="Packg_07_10_2025.Response200_1" time="1.901" errors="0" timestamp="2025-10-07T07:56:37 IST" skipped="0">
  <testcase classname="Packg_07_10_2025.Response200_1" name="Response200" time="1.901"/>
</testsuite> <!-- Packg_07_10_2025.Response200_1 -->
