<?xml version="1.0" encoding="UTF-8"?>
<!-- Generated by org.testng.reporters.JUnitReportReporter -->
<testsuite hostname="DESKTOP-K64CGSA" failures="0" tests="1" name="Pckg_04_10_2025.Class_3" time="3.055" errors="0" timestamp="2025-10-04T08:42:53 IST" skipped="0">
  <testcase classname="Pckg_04_10_2025.Class_3" name="GetCode" time="3.055"/>
</testsuite> <!-- Pckg_04_10_2025.Class_3 -->
