<?xml version="1.0" encoding="UTF-8"?>
<!-- Generated by org.testng.reporters.JUnitReportReporter -->
<testsuite hostname="DESKTOP-K64CGSA" failures="0" tests="1" name="Pckg_04_10_2025.GetResponse200_2" time="3.025" errors="0" timestamp="2025-10-04T08:28:24 IST" skipped="0">
  <testcase classname="Pckg_04_10_2025.GetResponse200_2" name="Get200Code" time="3.025"/>
</testsuite> <!-- Pckg_04_10_2025.GetResponse200_2 -->
