<?xml version="1.0" encoding="UTF-8"?>
<!-- Generated by org.testng.reporters.JUnitReportReporter -->
<testsuite hostname="DESKTOP-K64CGSA" failures="0" tests="1" name="Pckg_13_10_2025.Response200_1" time="2.414" errors="0" timestamp="2025-10-13T06:48:42 IST" skipped="0">
  <testcase classname="Pckg_13_10_2025.Response200_1" name="Response200" time="2.414"/>
</testsuite> <!-- Pckg_13_10_2025.Response200_1 -->
