<?xml version="1.0" encoding="UTF-8"?>
<!-- Generated by org.testng.reporters.JUnitReportReporter -->
<testsuite hostname="DESKTOP-K64CGSA" failures="0" tests="1" name="Pckg_13_10_2025.Response_200_3" time="2.003" errors="0" timestamp="2025-10-13T07:23:29 IST" skipped="0">
  <testcase classname="Pckg_13_10_2025.Response_200_3" name="Gett200" time="2.003"/>
</testsuite> <!-- Pckg_13_10_2025.Response_200_3 -->
