<?xml version="1.0" encoding="UTF-8"?>
<!-- Generated by org.testng.reporters.JUnitReportReporter -->
<testsuite hostname="DESKTOP-K64CGSA" failures="0" tests="1" name="Package_Response_11_10_2025.Responsse_2" time="2.918" errors="0" timestamp="2025-10-11T07:08:12 IST" skipped="0">
  <testcase classname="Package_Response_11_10_2025.Responsse_2" name="Response200" time="2.918"/>
</testsuite> <!-- Package_Response_11_10_2025.Responsse_2 -->
