<?xml version="1.0" encoding="UTF-8"?>
<!-- Generated by org.testng.reporters.JUnitReportReporter -->
<testsuite hostname="DESKTOP-K64CGSA" failures="0" tests="1" name="Packg_07_10_2025.Response_200" time="3.162" errors="0" timestamp="2025-10-07T23:42:57 IST" skipped="0">
  <testcase classname="Packg_07_10_2025.Response_200" name="Responce200" time="3.162"/>
</testsuite> <!-- Packg_07_10_2025.Response_200 -->
