<?xml version="1.0" encoding="UTF-8"?>
<!-- Generated by org.testng.reporters.JUnitReportReporter -->
<testsuite hostname="DESKTOP-K64CGSA" failures="0" tests="1" name="Package_Response_11_10_2025.Response_3" time="0.259" errors="0" timestamp="2025-10-12T07:37:56 IST" skipped="0">
  <testcase classname="Package_Response_11_10_2025.Response_3" name="GetResponse200" time="0.259"/>
</testsuite> <!-- Package_Response_11_10_2025.Response_3 -->
