<?xml version="1.0" encoding="UTF-8"?>
<!-- Generated by org.testng.reporters.JUnitReportReporter -->
<testsuite hostname="DESKTOP-K64CGSA" failures="0" tests="1" name="Github_Packg.Class_1" time="1.922" errors="0" timestamp="2025-10-03T13:16:38 IST" skipped="0">
  <testcase classname="Github_Packg.Class_1" name="Get200Response" time="1.922"/>
</testsuite> <!-- Github_Packg.Class_1 -->
