<?xml version="1.0" encoding="UTF-8"?>
<!-- Generated by org.testng.reporters.JUnitReportReporter -->
<testsuite hostname="DESKTOP-K64CGSA" failures="0" tests="1" name="ApiResponse_5.GetResponse_A" time="3.547" errors="0" timestamp="2025-10-05T18:35:05 IST" skipped="0">
  <testcase classname="ApiResponse_5.GetResponse_A" name="GetresponseA" time="3.547"/>
</testsuite> <!-- ApiResponse_5.GetResponse_A -->
