<?xml version="1.0" encoding="UTF-8"?>
<!-- Generated by org.testng.reporters.JUnitReportReporter -->
<testsuite hostname="DESKTOP-K64CGSA" failures="0" tests="1" name="pckg_30_09_2025.Publish200_GetCode" time="1.886" errors="0" timestamp="2025-10-01T00:31:04 IST" skipped="0">
  <testcase classname="pckg_30_09_2025.Publish200_GetCode" name="GetResponseCode" time="1.886"/>
</testsuite> <!-- pckg_30_09_2025.Publish200_GetCode -->
