<?xml version="1.0" encoding="UTF-8"?>
<!-- Generated by org.testng.reporters.JUnitReportReporter -->
<testsuite hostname="DESKTOP-K64CGSA" failures="0" tests="1" name="NewResponse_06_10_2025.Responce_4" time="3.035" errors="0" timestamp="2025-10-06T11:19:57 IST" skipped="0">
  <testcase classname="NewResponse_06_10_2025.Responce_4" name="Response200" time="3.035"/>
</testsuite> <!-- NewResponse_06_10_2025.Responce_4 -->
