<?xml version="1.0" encoding="UTF-8"?>
<!-- Generated by org.testng.reporters.JUnitReportReporter -->
<testsuite hostname="DESKTOP-K64CGSA" failures="0" tests="1" name="pckg_09_10_2025.Class_Response200" time="3.009" errors="0" timestamp="2025-10-09T07:39:07 IST" skipped="0">
  <testcase classname="pckg_09_10_2025.Class_Response200" name="Get200" time="3.009"/>
</testsuite> <!-- pckg_09_10_2025.Class_Response200 -->
