<?xml version="1.0" encoding="UTF-8"?>
<!-- Generated by org.testng.reporters.JUnitReportReporter -->
<testsuite hostname="DESKTOP-K64CGSA" failures="0" tests="1" name="pckg_03_10_2025.Response_1" time="2.928" errors="0" timestamp="2025-10-03T07:08:37 IST" skipped="0">
  <testcase classname="pckg_03_10_2025.Response_1" name="Response200Code" time="2.928"/>
</testsuite> <!-- pckg_03_10_2025.Response_1 -->
