<?xml version="1.0" encoding="UTF-8"?>
<!-- Generated by org.testng.reporters.JUnitReportReporter -->
<testsuite hostname="DESKTOP-K64CGSA" failures="0" tests="1" name="NewResponse_06_10_2025.GetResponse_1" time="0.250" errors="0" timestamp="2025-10-12T07:37:56 IST" skipped="0">
  <testcase classname="NewResponse_06_10_2025.GetResponse_1" name="GetResponse200" time="0.250"/>
</testsuite> <!-- NewResponse_06_10_2025.GetResponse_1 -->
