<?xml version="1.0" encoding="UTF-8"?>
<!-- Generated by org.testng.reporters.JUnitReportReporter -->
<testsuite hostname="DESKTOP-K64CGSA" failures="0" tests="1" name="Response_pckg_30_09_2025.Class_Response_C_200" time="2.707" errors="0" timestamp="2025-09-30T16:53:26 IST" skipped="0">
  <testcase classname="Response_pckg_30_09_2025.Class_Response_C_200" name="GetResponse200Code" time="2.707"/>
</testsuite> <!-- Response_pckg_30_09_2025.Class_Response_C_200 -->
