<?xml version="1.0" encoding="UTF-8"?>
<!-- Generated by org.testng.reporters.JUnitReportReporter -->
<testsuite hostname="DESKTOP-K64CGSA" failures="0" tests="1" name="Pckg_13_10_2025.response_4" time="1.533" errors="0" timestamp="2025-10-13T08:58:37 IST" skipped="0">
  <testcase classname="Pckg_13_10_2025.response_4" name="Get200" time="1.533"/>
</testsuite> <!-- Pckg_13_10_2025.response_4 -->
