<?xml version="1.0" encoding="UTF-8"?>
<!-- Generated by org.testng.reporters.JUnitReportReporter -->
<testsuite hostname="DESKTOP-K64CGSA" failures="0" tests="1" name="Response_1" time="4.663" errors="0" timestamp="2025-10-04T12:22:18 IST" skipped="0">
  <testcase classname="Response_1" name="Response200Code" time="4.663"/>
</testsuite> <!-- Response_1 -->
