<?xml version="1.0" encoding="UTF-8"?>
<!-- Generated by org.testng.reporters.JUnitReportReporter -->
<testsuite hostname="DESKTOP-K64CGSA" failures="0" tests="1" name="API_Package_02_10_2025.Api_Response_Class_1" time="1.942" errors="0" timestamp="2025-10-02T07:13:07 IST" skipped="0">
  <testcase classname="API_Package_02_10_2025.Api_Response_Class_1" name="GetResponse200" time="1.942"/>
</testsuite> <!-- API_Package_02_10_2025.Api_Response_Class_1 -->
