<?xml version="1.0" encoding="UTF-8"?>
<!-- Generated by org.testng.reporters.JUnitReportReporter -->
<testsuite hostname="DESKTOP-K64CGSA" failures="0" tests="1" name="Response200_12_10_2025.Class3" time="3.050" errors="0" timestamp="2025-10-12T22:55:28 IST" skipped="0">
  <testcase classname="Response200_12_10_2025.Class3" name="get200" time="3.050"/>
</testsuite> <!-- Response200_12_10_2025.Class3 -->
