<?xml version="1.0" encoding="UTF-8"?>
<!-- Generated by org.testng.reporters.JUnitReportReporter -->
<testsuite hostname="DESKTOP-K64CGSA" failures="0" tests="1" name="Response200_12_10_2025.Response_200_1" time="2.835" errors="0" timestamp="2025-10-12T06:56:44 IST" skipped="0">
  <testcase classname="Response200_12_10_2025.Response_200_1" name="Response200" time="2.835"/>
</testsuite> <!-- Response200_12_10_2025.Response_200_1 -->
