<?xml version="1.0" encoding="UTF-8"?>
<!-- Generated by org.testng.reporters.JUnitReportReporter -->
<testsuite hostname="DESKTOP-K64CGSA" failures="0" tests="1" name="Response_1" time="0.259" errors="0" timestamp="2025-10-12T07:37:56 IST" skipped="0">
  <testcase classname="Response_1" name="Response200Code" time="0.259"/>
</testsuite> <!-- Response_1 -->
