<?xml version="1.0" encoding="UTF-8"?>
<!-- Generated by org.testng.reporters.JUnitReportReporter -->
<testsuite hostname="DESKTOP-K64CGSA" failures="0" tests="1" name="pckg_01_10_2025.GetResponse200_1" time="2.953" errors="0" timestamp="2025-10-01T07:42:03 IST" skipped="0">
  <testcase classname="pckg_01_10_2025.GetResponse200_1" name="GetResponse" time="2.953"/>
</testsuite> <!-- pckg_01_10_2025.GetResponse200_1 -->
