<?xml version="1.0" encoding="UTF-8"?>
<!-- Generated by org.testng.reporters.JUnitReportReporter -->
<testsuite hostname="DESKTOP-K64CGSA" failures="0" tests="1" name="API_Response.APICode200_2" time="2.279" errors="0" timestamp="2025-09-29T23:01:51 IST" skipped="0">
  <testcase classname="API_Response.APICode200_2" name="Response200" time="2.279"/>
</testsuite> <!-- API_Response.APICode200_2 -->
