<?xml version="1.0" encoding="UTF-8"?>
<!-- Generated by org.testng.reporters.JUnitReportReporter -->
<testsuite hostname="DESKTOP-K64CGSA" failures="0" tests="1" name="Pckg_01_10_2025_2.GetResponseQuick" time="3.120" errors="0" timestamp="2025-10-01T23:43:15 IST" skipped="0">
  <testcase classname="Pckg_01_10_2025_2.GetResponseQuick" name="GetResponseQuick" time="3.120"/>
</testsuite> <!-- Pckg_01_10_2025_2.GetResponseQuick -->
