<?xml version="1.0" encoding="UTF-8"?>
<!-- Generated by org.testng.reporters.JUnitReportReporter -->
<testsuite hostname="DESKTOP-K64CGSA" failures="0" tests="1" name="pckg30_09.GetResponse_Class_1" time="0.247" errors="0" timestamp="2025-10-06T15:03:49 IST" skipped="0">
  <testcase classname="pckg30_09.GetResponse_Class_1" name="GetResponse200" time="0.247"/>
</testsuite> <!-- pckg30_09.GetResponse_Class_1 -->
