<?xml version="1.0" encoding="UTF-8"?>
<!-- Generated by org.testng.reporters.JUnitReportReporter -->
<testsuite hostname="DESKTOP-K64CGSA" failures="0" tests="1" name="API_Package_02_10_2025.API_Response_Class_2" time="1.913" errors="0" timestamp="2025-10-02T07:22:24 IST" skipped="0">
  <testcase classname="API_Package_02_10_2025.API_Response_Class_2" name="GetResponse" time="1.913"/>
</testsuite> <!-- API_Package_02_10_2025.API_Response_Class_2 -->
