<?xml version="1.0" encoding="UTF-8"?>
<!-- Generated by org.testng.reporters.JUnitReportReporter -->
<testsuite hostname="DESKTOP-K64CGSA" failures="0" tests="1" name="ApiResponse_5.GetResponse_A" time="2.529" errors="0" timestamp="2025-09-29T23:50:41 IST" skipped="0">
  <testcase classname="ApiResponse_5.GetResponse_A" name="GetresponseA" time="2.529"/>
</testsuite> <!-- ApiResponse_5.GetResponse_A -->
