<?xml version="1.0" encoding="UTF-8"?>
<!-- Generated by org.testng.reporters.JUnitReportReporter -->
<testsuite hostname="DESKTOP-K64CGSA" failures="0" tests="1" name="pckg_01_10_2025.Get_Response_200_2" time="2.937" errors="0" timestamp="2025-10-01T07:52:54 IST" skipped="0">
  <testcase classname="pckg_01_10_2025.Get_Response_200_2" name="GetResponse200" time="2.937"/>
</testsuite> <!-- pckg_01_10_2025.Get_Response_200_2 -->
