<?xml version="1.0" encoding="UTF-8"?>
<!-- Generated by org.testng.reporters.JUnitReportReporter -->
<testsuite hostname="DESKTOP-K64CGSA" failures="0" tests="1" name="pckg3.API_4" time="0.590" errors="0" timestamp="2025-09-28T18:57:58 IST" skipped="0">
  <testcase classname="pckg3.API_4" name="Get200code" time="0.590"/>
</testsuite> <!-- pckg3.API_4 -->
