<?xml version="1.0" encoding="UTF-8"?>
<!-- Generated by org.testng.reporters.JUnitReportReporter -->
<testsuite hostname="DESKTOP-K64CGSA" failures="0" tests="1" name="Pckg_05_10_2025.GetResponse_1" time="2.056" errors="0" timestamp="2025-10-05T12:15:40 IST" skipped="0">
  <testcase classname="Pckg_05_10_2025.GetResponse_1" name="Get200Code" time="2.056"/>
</testsuite> <!-- Pckg_05_10_2025.GetResponse_1 -->
