<?xml version="1.0" encoding="UTF-8"?>
<!-- Generated by org.testng.reporters.JUnitReportReporter -->
<testsuite hostname="DESKTOP-K64CGSA" failures="0" tests="1" name="NewResponse_06_10_2025.Response_200_2" time="3.874" errors="0" timestamp="2025-10-06T07:01:24 IST" skipped="0">
  <testcase classname="NewResponse_06_10_2025.Response_200_2" name="GetResponse200" time="3.874"/>
</testsuite> <!-- NewResponse_06_10_2025.Response_200_2 -->
