<?xml version="1.0" encoding="UTF-8"?>
<!-- Generated by org.testng.reporters.JUnitReportReporter -->
<testsuite hostname="DESKTOP-K64CGSA" failures="0" tests="1" name="Pckg6.GetResponce_1" time="2.448" errors="0" timestamp="2025-09-28T23:29:58 IST" skipped="0">
  <testcase classname="Pckg6.GetResponce_1" name="Getresponce200" time="2.448"/>
</testsuite> <!-- Pckg6.GetResponce_1 -->
