<?xml version="1.0" encoding="UTF-8"?>
<!-- Generated by org.testng.reporters.JUnitReportReporter -->
<testsuite hostname="DESKTOP-K64CGSA" failures="0" tests="1" name="Package_Response_11_10_2025.Response_3" time="2.099" errors="0" timestamp="2025-10-11T22:43:20 IST" skipped="0">
  <testcase classname="Package_Response_11_10_2025.Response_3" name="GetResponse200" time="2.099"/>
</testsuite> <!-- Package_Response_11_10_2025.Response_3 -->
