<?xml version="1.0" encoding="UTF-8"?>
<!-- Generated by org.testng.reporters.JUnitReportReporter -->
<testsuite hostname="DESKTOP-K64CGSA" failures="0" tests="1" name="Pckg6.GetResponse_2" time="0.321" errors="0" timestamp="2025-09-28T23:30:26 IST" skipped="0">
  <testcase classname="Pckg6.GetResponse_2" name="Get_Apir_response" time="0.321"/>
</testsuite> <!-- Pckg6.GetResponse_2 -->
