<?xml version="1.0" encoding="UTF-8"?>
<!-- Generated by org.testng.reporters.JUnitReportReporter -->
<testsuite hostname="DESKTOP-K64CGSA" failures="0" tests="1" name="pckg30_09.GetResponse_Class_2" time="2.469" errors="0" timestamp="2025-09-30T13:59:50 IST" skipped="0">
  <testcase classname="pckg30_09.GetResponse_Class_2" name="GetResponse200" time="2.469"/>
</testsuite> <!-- pckg30_09.GetResponse_Class_2 -->
