<?xml version="1.0" encoding="UTF-8"?>
<!-- Generated by org.testng.reporters.JUnitReportReporter -->
<testsuite hostname="DESKTOP-K64CGSA" failures="0" tests="1" name="pckg5.Git_2" time="2.308" errors="0" timestamp="2025-09-28T22:17:28 IST" skipped="0">
  <testcase classname="pckg5.Git_2" name="GitLogin2" time="2.308"/>
</testsuite> <!-- pckg5.Git_2 -->
