<?xml version="1.0" encoding="UTF-8"?>
<!-- Generated by org.testng.reporters.JUnitReportReporter -->
<testsuite hostname="DESKTOP-K64CGSA" failures="0" tests="1" name="pckg5.Git_1" time="0.219" errors="0" timestamp="2025-09-28T22:17:28 IST" skipped="0">
  <testcase classname="pckg5.Git_1" name="LoginGit" time="0.219"/>
</testsuite> <!-- pckg5.Git_1 -->
