<?xml version="1.0" encoding="UTF-8"?>
<!-- Generated by org.testng.reporters.JUnitReportReporter -->
<testsuite hostname="DESKTOP-K64CGSA" failures="0" tests="1" name="API_Response.API_200_Code_1" time="0.252" errors="0" timestamp="2025-09-29T23:02:12 IST" skipped="0">
  <testcase classname="API_Response.API_200_Code_1" name="GetResponse_200" time="0.252"/>
</testsuite> <!-- API_Response.API_200_Code_1 -->
